app/build/outputs/mapping/release/seeds.txt
com.farmerbb.notepad.android.NotepadApplication
com.farmerbb.notepad.android.StandaloneEditorActivity
com.farmerbb.notepad.android.NotepadActivity
com.farmerbb.notepad.model.FilenameFormat: com.farmerbb.notepad.model.FilenameFormat[] values()
com.farmerbb.notepad.usecase.ColorScheme: com.farmerbb.notepad.usecase.ColorScheme valueOf(java.lang.String)
com.farmerbb.notepad.model.ReleaseType: com.farmerbb.notepad.model.ReleaseType valueOf(java.lang.String)
com.farmerbb.notepad.usecase.ColorScheme: com.farmerbb.notepad.usecase.ColorScheme[] values()
com.farmerbb.notepad.android.StandaloneEditorActivity: StandaloneEditorActivity()
com.farmerbb.notepad.android.NotepadActivity: NotepadActivity()
com.farmerbb.notepad.model.SortOrder: com.farmerbb.notepad.model.SortOrder[] values()
com.farmerbb.notepad.model.ReleaseType: com.farmerbb.notepad.model.ReleaseType[] values()
com.farmerbb.notepad.android.NotepadApplication: NotepadApplication()
com.farmerbb.notepad.model.SortOrder: com.farmerbb.notepad.model.SortOrder valueOf(java.lang.String)
com.farmerbb.notepad.model.FilenameFormat: com.farmerbb.notepad.model.FilenameFormat valueOf(java.lang.String)
...
androidx.appcompat.widget.AppCompatAutoCompleteTextView: void setSupportCompoundDrawablesTintMode(android.graphics.PorterDuff$Mode)
androidx.appcompat.widget.FitWindowsLinearLayout: void setOnFitSystemWindowsListener(androidx.appcompat.widget.FitWindowsViewGroup$OnFitSystemWindowsListener)
androidx.core.graphics.drawable.IconCompat$Api28Impl: android.net.Uri getUri(java.lang.Object)
androidx.appcompat.widget.AppCompatImageView: void setImageDrawable(android.graphics.drawable.Drawable)
androidx.recyclerview.widget.RecyclerView: androidx.core.view.NestedScrollingChildHelper getScrollingChildHelper()
androidx.vectordrawable.graphics.drawable.VectorDrawableCompat$VFullPath: void setTrimPathEnd(float)
androidx.appcompat.widget.AppCompatTextView: void setBackgroundDrawable(android.graphics.drawable.Drawable)
androidx.core.view.WindowInsetsCompat$Impl29: androidx.core.graphics.Insets getTappableElementInsets()
androidx.compose.ui.platform.TextToolbarHelperMethods: void invalidateContentRect(android.view.ActionMode)
androidx.appcompat.widget.SwitchCompat: androidx.appcompat.widget.AppCompatEmojiTextHelper getEmojiTextViewHelper()
androidx.preference.internal.PreferenceImageView: int getMaxWidth()
androidx.appcompat.widget.AppCompatTextView: void setAutoSizeTextTypeWithDefaults(int)
androidx.core.os.TraceCompat$Api18Impl: void endSection()
androidx.core.view.ViewCompat$Api16Impl: int getMinimumWidth(android.view.View)
androidx.appcompat.widget.AppCompatImageButton: void setSupportBackgroundTintMode(android.graphics.PorterDuff$Mode)
androidx.core.view.ViewCompat$Api28Impl: void setAccessibilityHeading(android.view.View,boolean)
androidx.core.view.accessibility.AccessibilityRecordCompat$Api15Impl: int getMaxScrollY(android.view.accessibility.AccessibilityRecord)
androidx.compose.ui.text.style.ResolvedTextDirection: androidx.compose.ui.text.style.ResolvedTextDirection valueOf(java.lang.String)
androidx.compose.ui.viewinterop.AndroidViewHolder: kotlin.jvm.functions.Function1 getOnDensityChanged$ui_release()
androidx.core.view.WindowInsetsCompat$BuilderImpl29: androidx.core.view.WindowInsetsCompat build()
androidx.core.view.WindowInsetsCompat$Impl20: androidx.core.graphics.Insets getInsets(int,boolean)
androidx.profileinstaller.ProfileInstallerInitializer: ProfileInstallerInitializer()
androidx.core.app.RemoteActionCompat: RemoteActionCompat()
androidx.datastore.preferences.protobuf.WireFormat$FieldType: androidx.datastore.preferences.protobuf.WireFormat$FieldType[] values()
androidx.vectordrawable.graphics.drawable.VectorDrawableCompat$VectorDrawableDelegateState: int getChangingConfigurations()
kotlin.collections.State: kotlin.collections.State valueOf(java.lang.String)
androidx.appcompat.widget.AppCompatAutoCompleteTextView: void setEmojiCompatEnabled(boolean)
androidx.core.view.MenuItemCompat$Api26Impl: int getAlphabeticModifiers(android.view.MenuItem)
com.github.k1rakishou.fsaf.manager.base_directory.BaseDirectory$ActiveBaseDirType: com.github.k1rakishou.fsaf.manager.base_directory.BaseDirectory$ActiveBaseDirType valueOf(java.lang.String)
androidx.appcompat.widget.AppCompatTextView: void setBackgroundResource(int)
androidx.appcompat.widget.LinearLayoutCompat: void setWeightSum(float)
androidx.core.widget.PopupWindowCompat$Api23Impl: boolean getOverlapAnchor(android.widget.PopupWindow)
androidx.appcompat.widget.SearchView$SearchAutoComplete: void setSearchView(androidx.appcompat.widget.SearchView)
androidx.compose.ui.platform.AndroidComposeView: void getFontLoader$annotations()
androidx.appcompat.widget.AppCompatTextViewAutoSizeHelper$Impl29: AppCompatTextViewAutoSizeHelper$Impl29()
androidx.core.view.ViewCompat$Api21Impl: boolean isNestedScrollingEnabled(android.view.View)
androidx.core.view.ViewParentCompat$Api21Impl: void onNestedPreScroll(android.view.ViewParent,android.view.View,int,int,int[])
androidx.core.view.ViewCompat$Api26Impl: void setFocusedByDefault(android.view.View,boolean)