app/build/outputs/mapping/release/usage.txt
com.farmerbb.notepad.BuildConfig
com.farmerbb.notepad.R$array:
    private void <init>()
com.farmerbb.notepad.R$color:
    public static int app_shortcut_bg
    public static int ic_launcher_adaptive_bg
    public static int navbar_color_light
    private void <init>()
com.farmerbb.notepad.R$drawable:
    public static int ic_launcher_adaptive_fg
    public static int ic_mode_edit_black_24dp
    public static int shortcut_icon
    public static int shortcut_icon_background
    private void <init>()
com.farmerbb.notepad.R$mipmap
com.farmerbb.notepad.R$string:
    public static int app_name_debug
    private void <init>()
com.farmerbb.notepad.R$style
com.farmerbb.notepad.R$xml
com.farmerbb.notepad.R
com.farmerbb.notepad.android.NotepadApplication:
    public static final int $stable
com.farmerbb.notepad.app.DatabaseImpl$Schema:
    public static final int $stable
com.farmerbb.notepad.app.NoteContentsQueriesImpl:
    public final java.util.List getGetIndex$app_release()
com.farmerbb.notepad.app.NoteMetadataQueriesImpl:
    public final java.util.List getGetIndex$app_release()
com.farmerbb.notepad.data.NotepadRepository$special$$inlined$map$1$2$1:
    java.lang.Object L$0
com.farmerbb.notepad.data.PreferenceManager$mapToFlow$$inlined$map$1$2$1:
    java.lang.Object L$0
com.farmerbb.notepad.data.PreferenceManager$mapToFlow$$inlined$map$2$2$1:
    java.lang.Object L$0
com.farmerbb.notepad.di.DateAdapter:
    public static final int $stable
com.farmerbb.notepad.model.CrossRef:
    public static final int $stable
    public final long component1()
    public final long component2()
    public final com.farmerbb.notepad.model.CrossRef copy(long,long)
    public static synthetic com.farmerbb.notepad.model.CrossRef copy$default(com.farmerbb.notepad.model.CrossRef,long,long,int,java.lang.Object)
com.farmerbb.notepad.model.CrossRefQueries:
    public abstract com.squareup.sqldelight.Query get(long,kotlin.jvm.functions.Function2)
    public abstract com.squareup.sqldelight.Query getMultiple(java.util.Collection,kotlin.jvm.functions.Function2)
com.farmerbb.notepad.model.NavState$Edit:
    public static final int $stable
    public void <init>()
    public final java.lang.Long component1()
    public final com.farmerbb.notepad.model.NavState$Edit copy(java.lang.Long)
    public static synthetic com.farmerbb.notepad.model.NavState$Edit copy$default(com.farmerbb.notepad.model.NavState$Edit,java.lang.Long,int,java.lang.Object)
com.farmerbb.notepad.model.NavState$Empty:
    public static final int $stable
com.farmerbb.notepad.model.NavState$View:
    public static final int $stable
    public final long component1()
    public final com.farmerbb.notepad.model.NavState$View copy(long)
    public static synthetic com.farmerbb.notepad.model.NavState$View copy$default(com.farmerbb.notepad.model.NavState$View,long,int,java.lang.Object)
com.farmerbb.notepad.model.NavStateKt:
    private static final java.lang.String EDIT
    private static final java.lang.String VIEW
com.farmerbb.notepad.model.Note:
    public void <init>()
    public final com.farmerbb.notepad.model.NoteMetadata component1()
    private final com.farmerbb.notepad.model.NoteContents component2()
    public final com.farmerbb.notepad.model.Note copy(com.farmerbb.notepad.model.NoteMetadata,com.farmerbb.notepad.model.NoteContents)
    public static synthetic com.farmerbb.notepad.model.Note copy$default(com.farmerbb.notepad.model.Note,com.farmerbb.notepad.model.NoteMetadata,com.farmerbb.notepad.model.NoteContents,int,java.lang.Object)
...
androidx.compose.material.icons.twotone.PlaylistAddCheckKt
androidx.compose.material.icons.twotone.PlaylistAddCircleKt
androidx.compose.material.icons.twotone.PlaylistAddKt
androidx.compose.material.icons.twotone.PlaylistPlayKt
androidx.compose.material.icons.twotone.PlaylistRemoveKt
androidx.compose.material.icons.twotone.PlumbingKt
androidx.compose.material.icons.twotone.PlusOneKt
androidx.compose.material.icons.twotone.PodcastsKt
androidx.compose.material.icons.twotone.PointOfSaleKt
androidx.compose.material.icons.twotone.PolicyKt
androidx.compose.material.icons.twotone.PollKt
androidx.compose.material.icons.twotone.PolylineKt
androidx.compose.material.icons.twotone.PolymerKt
androidx.compose.material.icons.twotone.PoolKt
androidx.compose.material.icons.twotone.PortableWifiOffKt
androidx.compose.material.icons.twotone.PortraitKt
androidx.compose.material.icons.twotone.PostAddKt
androidx.compose.material.icons.twotone.PowerInputKt
androidx.compose.material.icons.twotone.PowerKt
androidx.compose.material.icons.twotone.PowerOffKt
androidx.compose.material.icons.twotone.PowerSettingsNewKt
androidx.compose.material.icons.twotone.PrecisionManufacturingKt
androidx.compose.material.icons.twotone.PregnantWomanKt
androidx.compose.material.icons.twotone.PresentToAllKt
androidx.compose.material.icons.twotone.PreviewKt
androidx.compose.material.icons.twotone.PriceChangeKt
androidx.compose.material.icons.twotone.PriceCheckKt
androidx.compose.material.icons.twotone.PrintDisabledKt
androidx.compose.material.icons.twotone.PrintKt
androidx.compose.material.icons.twotone.PriorityHighKt
androidx.compose.material.icons.twotone.PrivacyTipKt
androidx.compose.material.icons.twotone.PrivateConnectivityKt
androidx.compose.material.icons.twotone.ProductionQuantityLimitsKt
androidx.compose.material.icons.twotone.PropaneKt
androidx.compose.material.icons.twotone.PropaneTankKt
androidx.compose.material.icons.twotone.PsychologyAltKt
androidx.compose.material.icons.twotone.PsychologyKt
androidx.compose.material.icons.twotone.PublicKt
androidx.compose.material.icons.twotone.PublicOffKt
androidx.compose.material.icons.twotone.PublishKt
androidx.compose.material.icons.twotone.PublishedWithChangesKt
androidx.compose.material.icons.twotone.PunchClockKt
androidx.compose.material.icons.twotone.PushPinKt
androidx.compose.material.icons.twotone.QrCode2Kt
androidx.compose.material.icons.twotone.QrCodeKt
androidx.compose.material.icons.twotone.QrCodeScannerKt
androidx.compose.material.icons.twotone.QueryBuilderKt
androidx.compose.material.icons.twotone.QueryStatsKt
androidx.compose.material.icons.twotone.QuestionAnswerKt
androidx.compose.material.icons.twotone.QuestionMarkKt
androidx.compose.material.icons.twotone.QueueKt
androidx.compose.material.icons.twotone.QueueMusicKt
androidx.compose.material.icons.twotone.QueuePlayNextKt
androidx.compose.material.icons.twotone.QuickreplyKt
androidx.compose.material.icons.twotone.QuizKt
androidx.compose.material.icons.twotone.RMobiledataKt
androidx.compose.material.icons.twotone.RadarKt
androidx.compose.material.icons.twotone.RadioButtonCheckedKt
androidx.compose.material.icons.twotone.RadioButtonUncheckedKt
androidx.compose.material.icons.twotone.RadioKt
androidx.compose.material.icons.twotone.RailwayAlertKt
androidx.compose.material.icons.twotone.RamenDiningKt
androidx.compose.material.icons.twotone.RampLeftKt
androidx.compose.material.icons.twotone.RampRightKt
androidx.compose.material.icons.twotone.RateReviewKt
androidx.compose.material.icons.twotone.RawOffKt
androidx.compose.material.icons.twotone.RawOnKt
androidx.compose.material.icons.twotone.ReadMoreKt
androidx.compose.material.icons.twotone.RealEstateAgentKt
androidx.compose.material.icons.twotone.ReceiptKt
androidx.compose.material.icons.twotone.ReceiptLongKt
androidx.compose.material.icons.twotone.RecentActorsKt
androidx.compose.material.icons.twotone.RecommendKt
androidx.compose.material.icons.twotone.RecordVoiceOverKt